[ 2016-06-19T00:32:02+08:00 ] ::1 /Public/viewer/examples/c4ca4238a0b923820dcc509a6f75849b/panos/c4ca4238a0b923820dcc509a6f75849b/thumb.jpg
INFO: [ app_init ] --START--
INFO: Run Behavior\BuildLiteBehavior [ RunTime:0.000009s ]
INFO: [ app_init ] --END-- [ RunTime:0.000214s ]
ERR: 无法加载模块:Public

[ 2016-06-19T00:47:04+08:00 ] ::1 /Public/viewer/examples/c4ca4238a0b923820dcc509a6f75849b/navbar.xml
INFO: [ app_init ] --START--
INFO: Run Behavior\BuildLiteBehavior [ RunTime:0.000008s ]
INFO: [ app_init ] --END-- [ RunTime:0.000194s ]
ERR: 无法加载模块:Public

[ 2016-06-19T00:52:24+08:00 ] ::1 /Public/viewer/examples/c4ca4238a0b923820dcc509a6f75849b/navbar.xml
INFO: [ app_init ] --START--
INFO: Run Behavior\BuildLiteBehavior [ RunTime:0.000008s ]
INFO: [ app_init ] --END-- [ RunTime:0.000197s ]
ERR: 无法加载模块:Public

[ 2016-06-19T00:52:33+08:00 ] ::1 /Public/viewer/examples/c4ca4238a0b923820dcc509a6f75849b/panos/c4ca4238a0b923820dcc509a6f75849b/thumb.jpg
INFO: [ app_init ] --START--
INFO: Run Behavior\BuildLiteBehavior [ RunTime:0.000011s ]
INFO: [ app_init ] --END-- [ RunTime:0.000280s ]
ERR: 无法加载模块:Public

[ 2016-06-19T00:55:37+08:00 ] ::1 /Public/viewer/examples/c4ca4238a0b923820dcc509a6f75849b/navbar/nav.xml
INFO: [ app_init ] --START--
INFO: Run Behavior\BuildLiteBehavior [ RunTime:0.000011s ]
INFO: [ app_init ] --END-- [ RunTime:0.000282s ]
ERR: 无法加载模块:Public

[ 2016-06-19T00:56:35+08:00 ] ::1 /Public/viewer/examples/c4ca4238a0b923820dcc509a6f75849b/panos/c4ca4238a0b923820dcc509a6f75849b/thumb.jpg
INFO: [ app_init ] --START--
INFO: Run Behavior\BuildLiteBehavior [ RunTime:0.000008s ]
INFO: [ app_init ] --END-- [ RunTime:0.000196s ]
ERR: 无法加载模块:Public

[ 2016-06-19T00:57:06+08:00 ] ::1 /Public/viewer/examples/c4ca4238a0b923820dcc509a6f75849b/panos/c4ca4238a0b923820dcc509a6f75849b/thumb.jpg
INFO: [ app_init ] --START--
INFO: Run Behavior\BuildLiteBehavior [ RunTime:0.000009s ]
INFO: [ app_init ] --END-- [ RunTime:0.000211s ]
ERR: 无法加载模块:Public

[ 2016-06-19T00:58:47+08:00 ] ::1 /Public/viewer/examples/c4ca4238a0b923820dcc509a6f75849b/panos/c4ca4238a0b923820dcc509a6f75849b/thumb.jpg
INFO: [ app_init ] --START--
INFO: Run Behavior\BuildLiteBehavior [ RunTime:0.000011s ]
INFO: [ app_init ] --END-- [ RunTime:0.000240s ]
ERR: 无法加载模块:Public

[ 2016-06-19T01:00:32+08:00 ] ::1 /Public/viewer/examples/c4ca4238a0b923820dcc509a6f75849b/panos/c4ca4238a0b923820dcc509a6f75849b/thumb.jpg
INFO: [ app_init ] --START--
INFO: Run Behavior\BuildLiteBehavior [ RunTime:0.000014s ]
INFO: [ app_init ] --END-- [ RunTime:0.000322s ]
ERR: 无法加载模块:Public

[ 2016-06-19T01:00:46+08:00 ] ::1 /Public/viewer/examples/c4ca4238a0b923820dcc509a6f75849b/panos/c4ca4238a0b923820dcc509a6f75849b/thumb.jpg
INFO: [ app_init ] --START--
INFO: Run Behavior\BuildLiteBehavior [ RunTime:0.000009s ]
INFO: [ app_init ] --END-- [ RunTime:0.000214s ]
ERR: 无法加载模块:Public

[ 2016-06-19T01:00:58+08:00 ] ::1 /Public/viewer/examples/c4ca4238a0b923820dcc509a6f75849b/panos/c4ca4238a0b923820dcc509a6f75849b/thumb.jpg
INFO: [ app_init ] --START--
INFO: Run Behavior\BuildLiteBehavior [ RunTime:0.000011s ]
INFO: [ app_init ] --END-- [ RunTime:0.000270s ]
ERR: 无法加载模块:Public

[ 2016-06-19T01:02:36+08:00 ] ::1 /Public/viewer/examples/c4ca4238a0b923820dcc509a6f75849b/panos/c4ca4238a0b923820dcc509a6f75849b/thumb.jpg
INFO: [ app_init ] --START--
INFO: Run Behavior\BuildLiteBehavior [ RunTime:0.000013s ]
INFO: [ app_init ] --END-- [ RunTime:0.000259s ]
ERR: 无法加载模块:Public

[ 2016-06-19T01:02:51+08:00 ] ::1 /Public/viewer/examples/c4ca4238a0b923820dcc509a6f75849b/panos/c4ca4238a0b923820dcc509a6f75849b/thumb.jpg
INFO: [ app_init ] --START--
INFO: Run Behavior\BuildLiteBehavior [ RunTime:0.000009s ]
INFO: [ app_init ] --END-- [ RunTime:0.000204s ]
ERR: 无法加载模块:Public

[ 2016-06-19T01:03:01+08:00 ] ::1 /Public/Common/jquery-ui/images/ui-bg_flat_75_ffffff_40x100.png
INFO: [ app_init ] --START--
INFO: Run Behavior\BuildLiteBehavior [ RunTime:0.000008s ]
INFO: [ app_init ] --END-- [ RunTime:0.000172s ]
ERR: 无法加载模块:Public

[ 2016-06-19T01:03:04+08:00 ] ::1 /Public/viewer/examples/c4ca4238a0b923820dcc509a6f75849b/panos/c4ca4238a0b923820dcc509a6f75849b/thumb.jpg
INFO: [ app_init ] --START--
INFO: Run Behavior\BuildLiteBehavior [ RunTime:0.000008s ]
INFO: [ app_init ] --END-- [ RunTime:0.000175s ]
ERR: 无法加载模块:Public

[ 2016-06-19T01:17:59+08:00 ] ::1 /Public/Common/css/perfect-scrollbar.min.csss
INFO: [ app_init ] --START--
INFO: Run Behavior\BuildLiteBehavior [ RunTime:0.000008s ]
INFO: [ app_init ] --END-- [ RunTime:0.000214s ]
ERR: 无法加载模块:Public

[ 2016-06-19T01:18:21+08:00 ] ::1 /Public/Common/css/perfect-scrollbar.min.csss
INFO: [ app_init ] --START--
INFO: Run Behavior\BuildLiteBehavior [ RunTime:0.000007s ]
INFO: [ app_init ] --END-- [ RunTime:0.000210s ]
ERR: 无法加载模块:Public

[ 2016-06-19T01:18:25+08:00 ] ::1 /Public/Common/css/perfect-scrollbar.min.csss
INFO: [ app_init ] --START--
INFO: Run Behavior\BuildLiteBehavior [ RunTime:0.000008s ]
INFO: [ app_init ] --END-- [ RunTime:0.000195s ]
ERR: 无法加载模块:Public

[ 2016-06-19T01:47:24+08:00 ] ::1 /favicon.ico
INFO: [ app_init ] --START--
INFO: Run Behavior\BuildLiteBehavior [ RunTime:0.000007s ]
INFO: [ app_init ] --END-- [ RunTime:0.000194s ]
ERR: 无法加载模块:Favicon

[ 2016-06-19T01:47:42+08:00 ] ::1 /Public/Common/jquery-ui/images/ui-bg_flat_75_ffffff_40x100.png
INFO: [ app_init ] --START--
INFO: Run Behavior\BuildLiteBehavior [ RunTime:0.000006s ]
INFO: [ app_init ] --END-- [ RunTime:0.000191s ]
ERR: 无法加载模块:Public

[ 2016-06-19T01:47:46+08:00 ] ::1 /Uploads/attachment/57657f575a8a9.jpg
INFO: [ app_init ] --START--
INFO: Run Behavior\BuildLiteBehavior [ RunTime:0.000015s ]
INFO: [ app_init ] --END-- [ RunTime:0.000426s ]
ERR: 无法加载模块:Uploads

[ 2016-06-19T01:47:49+08:00 ] ::1 /Public/viewer/examples/c4ca4238a0b923820dcc509a6f75849b/panos/c4ca4238a0b923820dcc509a6f75849b/mobile_f.jpg
INFO: [ app_init ] --START--
INFO: Run Behavior\BuildLiteBehavior [ RunTime:0.000009s ]
INFO: [ app_init ] --END-- [ RunTime:0.000208s ]
ERR: 无法加载模块:Public

[ 2016-06-19T01:47:49+08:00 ] ::1 /Public/viewer/examples/c4ca4238a0b923820dcc509a6f75849b/panos/c4ca4238a0b923820dcc509a6f75849b/thumb.jpg
INFO: [ app_init ] --START--
INFO: Run Behavior\BuildLiteBehavior [ RunTime:0.000007s ]
INFO: [ app_init ] --END-- [ RunTime:0.000198s ]
ERR: 无法加载模块:Public

[ 2016-06-19T01:47:49+08:00 ] ::1 /Public/viewer/examples/c4ca4238a0b923820dcc509a6f75849b/panos/c4ca4238a0b923820dcc509a6f75849b/mobile_l.jpg
INFO: [ app_init ] --START--
INFO: Run Behavior\BuildLiteBehavior [ RunTime:0.000007s ]
INFO: [ app_init ] --END-- [ RunTime:0.000193s ]
ERR: 无法加载模块:Public

[ 2016-06-19T01:47:49+08:00 ] ::1 /Public/viewer/examples/c4ca4238a0b923820dcc509a6f75849b/panos/c4ca4238a0b923820dcc509a6f75849b/mobile_u.jpg
INFO: [ app_init ] --START--
INFO: Run Behavior\BuildLiteBehavior [ RunTime:0.000007s ]
INFO: [ app_init ] --END-- [ RunTime:0.000200s ]
ERR: 无法加载模块:Public

[ 2016-06-19T01:47:49+08:00 ] ::1 /Public/viewer/examples/c4ca4238a0b923820dcc509a6f75849b/panos/c4ca4238a0b923820dcc509a6f75849b/mobile_f.jpg
INFO: [ app_init ] --START--
INFO: Run Behavior\BuildLiteBehavior [ RunTime:0.000014s ]
INFO: [ app_init ] --END-- [ RunTime:0.000258s ]
ERR: 无法加载模块:Public

[ 2016-06-19T01:47:49+08:00 ] ::1 /Public/viewer/examples/c4ca4238a0b923820dcc509a6f75849b/panos/c4ca4238a0b923820dcc509a6f75849b/mobile_f.jpg
INFO: [ app_init ] --START--
INFO: Run Behavior\BuildLiteBehavior [ RunTime:0.000006s ]
INFO: [ app_init ] --END-- [ RunTime:0.000188s ]
ERR: 无法加载模块:Public

[ 2016-06-19T13:14:33+08:00 ] ::1 /favicon.ico
INFO: [ app_init ] --START--
INFO: Run Behavior\BuildLiteBehavior [ RunTime:0.000000s ]
INFO: [ app_init ] --END-- [ RunTime:0.001000s ]
ERR: 无法加载模块:Favicon

[ 2016-06-19T13:28:52+08:00 ] ::1 /Public/Common/jquery-ui/images/ui-bg_flat_75_ffffff_40x100.png
INFO: [ app_init ] --START--
INFO: Run Behavior\BuildLiteBehavior [ RunTime:0.000000s ]
INFO: [ app_init ] --END-- [ RunTime:0.001000s ]
ERR: 无法加载模块:Public

[ 2016-06-19T13:29:01+08:00 ] ::1 /Public/Common/css/perfect-scrollbar.min.csss
INFO: [ app_init ] --START--
INFO: Run Behavior\BuildLiteBehavior [ RunTime:0.000000s ]
INFO: [ app_init ] --END-- [ RunTime:0.001000s ]
ERR: 无法加载模块:Public

[ 2016-06-19T13:29:37+08:00 ] ::1 /Public/Common/css/perfect-scrollbar.min.csss
INFO: [ app_init ] --START--
INFO: Run Behavior\BuildLiteBehavior [ RunTime:0.000000s ]
INFO: [ app_init ] --END-- [ RunTime:0.001000s ]
ERR: 无法加载模块:Public

[ 2016-06-19T13:42:29+08:00 ] ::1 /Public/Common/css/perfect-scrollbar.min.csss
INFO: [ app_init ] --START--
INFO: Run Behavior\BuildLiteBehavior [ RunTime:0.000000s ]
INFO: [ app_init ] --END-- [ RunTime:0.001000s ]
ERR: 无法加载模块:Public

[ 2016-06-19T13:44:55+08:00 ] ::1 /Public/Common/css/perfect-scrollbar.min.csss
INFO: [ app_init ] --START--
INFO: Run Behavior\BuildLiteBehavior [ RunTime:0.000000s ]
INFO: [ app_init ] --END-- [ RunTime:0.001000s ]
ERR: 无法加载模块:Public

[ 2016-06-19T13:52:52+08:00 ] ::1 /Public/Common/css/perfect-scrollbar.min.csss
INFO: [ app_init ] --START--
INFO: Run Behavior\BuildLiteBehavior [ RunTime:0.000000s ]
INFO: [ app_init ] --END-- [ RunTime:0.000000s ]
ERR: 无法加载模块:Public

[ 2016-06-19T13:52:57+08:00 ] ::1 /Public/Common/css/perfect-scrollbar.min.csss
INFO: [ app_init ] --START--
INFO: Run Behavior\BuildLiteBehavior [ RunTime:0.000000s ]
INFO: [ app_init ] --END-- [ RunTime:0.000000s ]
ERR: 无法加载模块:Public

[ 2016-06-19T14:11:29+08:00 ] ::1 /Public/Common/css/perfect-scrollbar.min.csss
INFO: [ app_init ] --START--
INFO: Run Behavior\BuildLiteBehavior [ RunTime:0.000000s ]
INFO: [ app_init ] --END-- [ RunTime:0.001000s ]
ERR: 无法加载模块:Public

[ 2016-06-19T14:11:33+08:00 ] ::1 /Public/Common/css/perfect-scrollbar.min.csss
INFO: [ app_init ] --START--
INFO: Run Behavior\BuildLiteBehavior [ RunTime:0.000000s ]
INFO: [ app_init ] --END-- [ RunTime:0.001000s ]
ERR: 无法加载模块:Public

[ 2016-06-19T14:39:42+08:00 ] ::1 /Public/Common/css/perfect-scrollbar.min.csss
INFO: [ app_init ] --START--
INFO: Run Behavior\BuildLiteBehavior [ RunTime:0.000000s ]
INFO: [ app_init ] --END-- [ RunTime:0.001000s ]
ERR: 无法加载模块:Public

[ 2016-06-19T14:39:47+08:00 ] ::1 /Public/Common/css/perfect-scrollbar.min.csss
INFO: [ app_init ] --START--
INFO: Run Behavior\BuildLiteBehavior [ RunTime:0.000000s ]
INFO: [ app_init ] --END-- [ RunTime:0.001000s ]
ERR: 无法加载模块:Public

[ 2016-06-19T14:55:33+08:00 ] ::1 /Public/viewer/examples/c4ca4238a0b923820dcc509a6f75849b/panos/c4ca4238a0b923820dcc509a6f75849b/thumb.jpg
INFO: [ app_init ] --START--
INFO: Run Behavior\BuildLiteBehavior [ RunTime:0.000000s ]
INFO: [ app_init ] --END-- [ RunTime:0.001000s ]
ERR: 无法加载模块:Public

[ 2016-06-19T14:56:12+08:00 ] ::1 /Public/viewer/examples/c4ca4238a0b923820dcc509a6f75849b/panos/c4ca4238a0b923820dcc509a6f75849b/thumb.jpg
INFO: [ app_init ] --START--
INFO: Run Behavior\BuildLiteBehavior [ RunTime:0.000000s ]
INFO: [ app_init ] --END-- [ RunTime:0.001000s ]
ERR: 无法加载模块:Public

[ 2016-06-19T14:57:23+08:00 ] ::1 /Public/viewer/examples/ac4ca4238a0b923820dcc509a6f75849b/panos/ac4ca4238a0b923820dcc509a6f75849b/thumb.jpg
INFO: [ app_init ] --START--
INFO: Run Behavior\BuildLiteBehavior [ RunTime:0.000000s ]
INFO: [ app_init ] --END-- [ RunTime:0.000000s ]
ERR: 无法加载模块:Public

[ 2016-06-19T15:22:59+08:00 ] ::1 /Public/viewer/examples/ac4ca4238a0b923820dcc509a6f75849b/panos/ac4ca4238a0b923820dcc509a6f75849b/thumb.jpg
INFO: [ app_init ] --START--
INFO: Run Behavior\BuildLiteBehavior [ RunTime:0.000000s ]
INFO: [ app_init ] --END-- [ RunTime:0.001000s ]
ERR: 无法加载模块:Public

[ 2016-06-19T15:23:10+08:00 ] ::1 /Public/viewer/examples/ad41d8cd98f00b204e9800998ecf8427etemp/panos/acfcd208495d565ef66e7dff9f98764da/mobile_f.jpg
INFO: [ app_init ] --START--
INFO: Run Behavior\BuildLiteBehavior [ RunTime:0.000000s ]
INFO: [ app_init ] --END-- [ RunTime:0.001000s ]
ERR: 无法加载模块:Public

[ 2016-06-19T15:23:10+08:00 ] ::1 /Public/viewer/examples/ad41d8cd98f00b204e9800998ecf8427etemp/panos/acfcd208495d565ef66e7dff9f98764da/mobile_l.jpg
INFO: [ app_init ] --START--
INFO: Run Behavior\BuildLiteBehavior [ RunTime:0.001000s ]
INFO: [ app_init ] --END-- [ RunTime:0.001000s ]
ERR: 无法加载模块:Public

[ 2016-06-19T15:23:11+08:00 ] ::1 /Public/viewer/examples/ad41d8cd98f00b204e9800998ecf8427etemp/panos/acfcd208495d565ef66e7dff9f98764da/mobile_f.jpg
INFO: [ app_init ] --START--
INFO: Run Behavior\BuildLiteBehavior [ RunTime:0.001000s ]
INFO: [ app_init ] --END-- [ RunTime:0.001000s ]
ERR: 无法加载模块:Public

[ 2016-06-19T15:23:11+08:00 ] ::1 /Public/viewer/examples/ad41d8cd98f00b204e9800998ecf8427etemp/panos/acfcd208495d565ef66e7dff9f98764da/mobile_u.jpg
INFO: [ app_init ] --START--
INFO: Run Behavior\BuildLiteBehavior [ RunTime:0.000000s ]
INFO: [ app_init ] --END-- [ RunTime:0.035001s ]
ERR: 无法加载模块:Public

[ 2016-06-19T15:23:11+08:00 ] ::1 /Public/viewer/examples/ad41d8cd98f00b204e9800998ecf8427etemp/panos/acfcd208495d565ef66e7dff9f98764da/mobile_l.jpg
INFO: [ app_init ] --START--
INFO: Run Behavior\BuildLiteBehavior [ RunTime:0.000000s ]
INFO: [ app_init ] --END-- [ RunTime:0.001000s ]
ERR: 无法加载模块:Public

[ 2016-06-19T15:23:11+08:00 ] ::1 /Public/viewer/examples/ad41d8cd98f00b204e9800998ecf8427etemp/panos/acfcd208495d565ef66e7dff9f98764da/mobile_f.jpg
INFO: [ app_init ] --START--
INFO: Run Behavior\BuildLiteBehavior [ RunTime:0.000000s ]
INFO: [ app_init ] --END-- [ RunTime:0.001000s ]
ERR: 无法加载模块:Public

[ 2016-06-19T15:23:11+08:00 ] ::1 /Public/viewer/examples/ad41d8cd98f00b204e9800998ecf8427etemp/panos/acfcd208495d565ef66e7dff9f98764da/mobile_l.jpg
INFO: [ app_init ] --START--
INFO: Run Behavior\BuildLiteBehavior [ RunTime:0.000000s ]
INFO: [ app_init ] --END-- [ RunTime:0.001000s ]
ERR: 无法加载模块:Public

[ 2016-06-19T15:23:13+08:00 ] ::1 /Public/viewer/examples/ad41d8cd98f00b204e9800998ecf8427etemp/panos/acfcd208495d565ef66e7dff9f98764da/mobile_u.jpg
INFO: [ app_init ] --START--
INFO: Run Behavior\BuildLiteBehavior [ RunTime:0.000000s ]
INFO: [ app_init ] --END-- [ RunTime:0.001000s ]
ERR: 无法加载模块:Public

[ 2016-06-19T15:23:13+08:00 ] ::1 /Public/viewer/examples/ad41d8cd98f00b204e9800998ecf8427etemp/panos/acfcd208495d565ef66e7dff9f98764da/mobile_r.jpg
INFO: [ app_init ] --START--
INFO: Run Behavior\BuildLiteBehavior [ RunTime:0.000000s ]
INFO: [ app_init ] --END-- [ RunTime:0.001000s ]
ERR: 无法加载模块:Public

[ 2016-06-19T15:23:13+08:00 ] ::1 /Public/viewer/examples/ad41d8cd98f00b204e9800998ecf8427etemp/panos/acfcd208495d565ef66e7dff9f98764da/mobile_d.jpg
INFO: [ app_init ] --START--
INFO: Run Behavior\BuildLiteBehavior [ RunTime:0.000000s ]
INFO: [ app_init ] --END-- [ RunTime:0.001000s ]
ERR: 无法加载模块:Public

[ 2016-06-19T15:23:13+08:00 ] ::1 /Public/viewer/examples/ad41d8cd98f00b204e9800998ecf8427etemp/panos/acfcd208495d565ef66e7dff9f98764da/mobile_b.jpg
INFO: [ app_init ] --START--
INFO: Run Behavior\BuildLiteBehavior [ RunTime:0.000000s ]
INFO: [ app_init ] --END-- [ RunTime:0.001000s ]
ERR: 无法加载模块:Public

[ 2016-06-19T15:23:13+08:00 ] ::1 /Public/viewer/examples/ad41d8cd98f00b204e9800998ecf8427etemp/panos/acfcd208495d565ef66e7dff9f98764da/mobile_u.jpg
INFO: [ app_init ] --START--
INFO: Run Behavior\BuildLiteBehavior [ RunTime:0.000000s ]
INFO: [ app_init ] --END-- [ RunTime:0.001000s ]
ERR: 无法加载模块:Public

[ 2016-06-19T15:23:13+08:00 ] ::1 /Public/viewer/examples/ad41d8cd98f00b204e9800998ecf8427etemp/panos/acfcd208495d565ef66e7dff9f98764da/mobile_r.jpg
INFO: [ app_init ] --START--
INFO: Run Behavior\BuildLiteBehavior [ RunTime:0.000000s ]
INFO: [ app_init ] --END-- [ RunTime:0.001000s ]
ERR: 无法加载模块:Public

[ 2016-06-19T15:23:14+08:00 ] ::1 /Public/viewer/examples/ad41d8cd98f00b204e9800998ecf8427etemp/panos/acfcd208495d565ef66e7dff9f98764da/mobile_d.jpg
INFO: [ app_init ] --START--
INFO: Run Behavior\BuildLiteBehavior [ RunTime:0.000000s ]
INFO: [ app_init ] --END-- [ RunTime:0.001000s ]
ERR: 无法加载模块:Public

[ 2016-06-19T15:23:14+08:00 ] ::1 /Public/viewer/examples/ad41d8cd98f00b204e9800998ecf8427etemp/panos/acfcd208495d565ef66e7dff9f98764da/mobile_b.jpg
INFO: [ app_init ] --START--
INFO: Run Behavior\BuildLiteBehavior [ RunTime:0.000000s ]
INFO: [ app_init ] --END-- [ RunTime:0.001000s ]
ERR: 无法加载模块:Public

[ 2016-06-19T15:23:14+08:00 ] ::1 /Public/viewer/examples/ad41d8cd98f00b204e9800998ecf8427etemp/panos/acfcd208495d565ef66e7dff9f98764da/mobile_r.jpg
INFO: [ app_init ] --START--
INFO: Run Behavior\BuildLiteBehavior [ RunTime:0.000000s ]
INFO: [ app_init ] --END-- [ RunTime:0.001000s ]
ERR: 无法加载模块:Public

[ 2016-06-19T15:23:14+08:00 ] ::1 /Public/viewer/examples/ad41d8cd98f00b204e9800998ecf8427etemp/panos/acfcd208495d565ef66e7dff9f98764da/mobile_d.jpg
INFO: [ app_init ] --START--
INFO: Run Behavior\BuildLiteBehavior [ RunTime:0.000000s ]
INFO: [ app_init ] --END-- [ RunTime:0.001000s ]
ERR: 无法加载模块:Public

[ 2016-06-19T15:23:14+08:00 ] ::1 /Public/viewer/examples/ad41d8cd98f00b204e9800998ecf8427etemp/panos/acfcd208495d565ef66e7dff9f98764da/mobile_b.jpg
INFO: [ app_init ] --START--
INFO: Run Behavior\BuildLiteBehavior [ RunTime:0.000000s ]
INFO: [ app_init ] --END-- [ RunTime:0.001000s ]
ERR: 无法加载模块:Public

[ 2016-06-19T15:23:30+08:00 ] ::1 /Public/viewer/examples/ad41d8cd98f00b204e9800998ecf8427etemp/panos/acfcd208495d565ef66e7dff9f98764da/mobile_f.jpg
INFO: [ app_init ] --START--
INFO: Run Behavior\BuildLiteBehavior [ RunTime:0.000000s ]
INFO: [ app_init ] --END-- [ RunTime:0.001000s ]
ERR: 无法加载模块:Public

[ 2016-06-19T15:23:30+08:00 ] ::1 /Public/viewer/examples/ad41d8cd98f00b204e9800998ecf8427etemp/panos/acfcd208495d565ef66e7dff9f98764da/mobile_l.jpg
INFO: [ app_init ] --START--
INFO: Run Behavior\BuildLiteBehavior [ RunTime:0.000000s ]
INFO: [ app_init ] --END-- [ RunTime:0.001000s ]
ERR: 无法加载模块:Public

[ 2016-06-19T15:23:30+08:00 ] ::1 /Public/viewer/examples/ad41d8cd98f00b204e9800998ecf8427etemp/panos/acfcd208495d565ef66e7dff9f98764da/mobile_u.jpg
INFO: [ app_init ] --START--
INFO: Run Behavior\BuildLiteBehavior [ RunTime:0.000000s ]
INFO: [ app_init ] --END-- [ RunTime:0.001000s ]
ERR: 无法加载模块:Public

[ 2016-06-19T15:23:30+08:00 ] ::1 /Public/viewer/examples/ad41d8cd98f00b204e9800998ecf8427etemp/panos/acfcd208495d565ef66e7dff9f98764da/mobile_l.jpg
INFO: [ app_init ] --START--
INFO: Run Behavior\BuildLiteBehavior [ RunTime:0.000000s ]
INFO: [ app_init ] --END-- [ RunTime:0.001000s ]
ERR: 无法加载模块:Public

[ 2016-06-19T15:23:30+08:00 ] ::1 /Public/viewer/examples/ad41d8cd98f00b204e9800998ecf8427etemp/panos/acfcd208495d565ef66e7dff9f98764da/mobile_f.jpg
INFO: [ app_init ] --START--
INFO: Run Behavior\BuildLiteBehavior [ RunTime:0.000000s ]
INFO: [ app_init ] --END-- [ RunTime:0.001000s ]
ERR: 无法加载模块:Public

[ 2016-06-19T15:23:30+08:00 ] ::1 /Public/viewer/examples/ad41d8cd98f00b204e9800998ecf8427etemp/panos/acfcd208495d565ef66e7dff9f98764da/mobile_u.jpg
INFO: [ app_init ] --START--
INFO: Run Behavior\BuildLiteBehavior [ RunTime:0.000000s ]
INFO: [ app_init ] --END-- [ RunTime:0.001000s ]
ERR: 无法加载模块:Public

[ 2016-06-19T15:23:30+08:00 ] ::1 /Public/viewer/examples/ad41d8cd98f00b204e9800998ecf8427etemp/panos/acfcd208495d565ef66e7dff9f98764da/mobile_l.jpg
INFO: [ app_init ] --START--
INFO: Run Behavior\BuildLiteBehavior [ RunTime:0.000000s ]
INFO: [ app_init ] --END-- [ RunTime:0.000000s ]
ERR: 无法加载模块:Public

[ 2016-06-19T15:23:30+08:00 ] ::1 /Public/viewer/examples/ad41d8cd98f00b204e9800998ecf8427etemp/panos/acfcd208495d565ef66e7dff9f98764da/mobile_f.jpg
INFO: [ app_init ] --START--
INFO: Run Behavior\BuildLiteBehavior [ RunTime:0.000000s ]
INFO: [ app_init ] --END-- [ RunTime:0.001000s ]
ERR: 无法加载模块:Public

[ 2016-06-19T15:23:30+08:00 ] ::1 /Public/viewer/examples/ad41d8cd98f00b204e9800998ecf8427etemp/panos/acfcd208495d565ef66e7dff9f98764da/mobile_u.jpg
INFO: [ app_init ] --START--
INFO: Run Behavior\BuildLiteBehavior [ RunTime:0.000000s ]
INFO: [ app_init ] --END-- [ RunTime:0.001000s ]
ERR: 无法加载模块:Public

[ 2016-06-19T15:36:42+08:00 ] ::1 /Public/viewer/examples/ad41d8cd98f00b204e9800998ecf8427etemp/panos/acfcd208495d565ef66e7dff9f98764da/mobile_f.jpg
INFO: [ app_init ] --START--
INFO: Run Behavior\BuildLiteBehavior [ RunTime:0.000000s ]
INFO: [ app_init ] --END-- [ RunTime:0.001000s ]
ERR: 无法加载模块:Public

[ 2016-06-19T15:36:42+08:00 ] ::1 /Public/viewer/examples/ad41d8cd98f00b204e9800998ecf8427etemp/panos/acfcd208495d565ef66e7dff9f98764da/mobile_l.jpg
INFO: [ app_init ] --START--
INFO: Run Behavior\BuildLiteBehavior [ RunTime:0.000000s ]
INFO: [ app_init ] --END-- [ RunTime:0.001000s ]
ERR: 无法加载模块:Public

[ 2016-06-19T15:36:42+08:00 ] ::1 /Public/viewer/examples/ad41d8cd98f00b204e9800998ecf8427etemp/panos/acfcd208495d565ef66e7dff9f98764da/mobile_u.jpg
INFO: [ app_init ] --START--
INFO: Run Behavior\BuildLiteBehavior [ RunTime:0.000000s ]
INFO: [ app_init ] --END-- [ RunTime:0.000000s ]
ERR: 无法加载模块:Public

[ 2016-06-19T15:36:42+08:00 ] ::1 /Public/viewer/examples/ad41d8cd98f00b204e9800998ecf8427etemp/panos/acfcd208495d565ef66e7dff9f98764da/mobile_f.jpg
INFO: [ app_init ] --START--
INFO: Run Behavior\BuildLiteBehavior [ RunTime:0.000000s ]
INFO: [ app_init ] --END-- [ RunTime:0.000000s ]
ERR: 无法加载模块:Public

[ 2016-06-19T15:36:42+08:00 ] ::1 /Public/viewer/examples/ad41d8cd98f00b204e9800998ecf8427etemp/panos/acfcd208495d565ef66e7dff9f98764da/mobile_l.jpg
INFO: [ app_init ] --START--
INFO: Run Behavior\BuildLiteBehavior [ RunTime:0.000000s ]
INFO: [ app_init ] --END-- [ RunTime:0.000000s ]
ERR: 无法加载模块:Public

[ 2016-06-19T15:36:42+08:00 ] ::1 /Public/viewer/examples/ad41d8cd98f00b204e9800998ecf8427etemp/panos/acfcd208495d565ef66e7dff9f98764da/mobile_u.jpg
INFO: [ app_init ] --START--
INFO: Run Behavior\BuildLiteBehavior [ RunTime:0.000000s ]
INFO: [ app_init ] --END-- [ RunTime:0.000000s ]
ERR: 无法加载模块:Public

[ 2016-06-19T15:36:42+08:00 ] ::1 /Public/viewer/examples/ad41d8cd98f00b204e9800998ecf8427etemp/panos/acfcd208495d565ef66e7dff9f98764da/mobile_f.jpg
INFO: [ app_init ] --START--
INFO: Run Behavior\BuildLiteBehavior [ RunTime:0.000000s ]
INFO: [ app_init ] --END-- [ RunTime:0.001000s ]
ERR: 无法加载模块:Public

[ 2016-06-19T15:36:42+08:00 ] ::1 /Public/viewer/examples/ad41d8cd98f00b204e9800998ecf8427etemp/panos/acfcd208495d565ef66e7dff9f98764da/mobile_l.jpg
INFO: [ app_init ] --START--
INFO: Run Behavior\BuildLiteBehavior [ RunTime:0.000000s ]
INFO: [ app_init ] --END-- [ RunTime:0.000000s ]
ERR: 无法加载模块:Public

[ 2016-06-19T15:36:42+08:00 ] ::1 /Public/viewer/examples/ad41d8cd98f00b204e9800998ecf8427etemp/panos/acfcd208495d565ef66e7dff9f98764da/mobile_u.jpg
INFO: [ app_init ] --START--
INFO: Run Behavior\BuildLiteBehavior [ RunTime:0.001000s ]
INFO: [ app_init ] --END-- [ RunTime:0.001000s ]
ERR: 无法加载模块:Public

[ 2016-06-19T15:37:11+08:00 ] ::1 /Public/viewer/examples/ad41d8cd98f00b204e9800998ecf8427etemp/panos/acfcd208495d565ef66e7dff9f98764da/mobile_f.jpg
INFO: [ app_init ] --START--
INFO: Run Behavior\BuildLiteBehavior [ RunTime:0.000000s ]
INFO: [ app_init ] --END-- [ RunTime:0.001000s ]
ERR: 无法加载模块:Public

[ 2016-06-19T15:37:11+08:00 ] ::1 /Public/viewer/examples/ad41d8cd98f00b204e9800998ecf8427etemp/panos/acfcd208495d565ef66e7dff9f98764da/mobile_l.jpg
INFO: [ app_init ] --START--
INFO: Run Behavior\BuildLiteBehavior [ RunTime:0.000000s ]
INFO: [ app_init ] --END-- [ RunTime:0.001000s ]
ERR: 无法加载模块:Public

[ 2016-06-19T15:37:11+08:00 ] ::1 /Public/viewer/examples/ad41d8cd98f00b204e9800998ecf8427etemp/panos/acfcd208495d565ef66e7dff9f98764da/mobile_u.jpg
INFO: [ app_init ] --START--
INFO: Run Behavior\BuildLiteBehavior [ RunTime:0.001000s ]
INFO: [ app_init ] --END-- [ RunTime:0.001000s ]
ERR: 无法加载模块:Public

[ 2016-06-19T15:37:11+08:00 ] ::1 /Public/viewer/examples/ad41d8cd98f00b204e9800998ecf8427etemp/panos/acfcd208495d565ef66e7dff9f98764da/mobile_f.jpg
INFO: [ app_init ] --START--
INFO: Run Behavior\BuildLiteBehavior [ RunTime:0.000000s ]
INFO: [ app_init ] --END-- [ RunTime:0.001000s ]
ERR: 无法加载模块:Public

[ 2016-06-19T15:37:11+08:00 ] ::1 /Public/viewer/examples/ad41d8cd98f00b204e9800998ecf8427etemp/panos/acfcd208495d565ef66e7dff9f98764da/mobile_l.jpg
INFO: [ app_init ] --START--
INFO: Run Behavior\BuildLiteBehavior [ RunTime:0.000000s ]
INFO: [ app_init ] --END-- [ RunTime:0.001000s ]
ERR: 无法加载模块:Public

[ 2016-06-19T15:37:11+08:00 ] ::1 /Public/viewer/examples/ad41d8cd98f00b204e9800998ecf8427etemp/panos/acfcd208495d565ef66e7dff9f98764da/mobile_f.jpg
INFO: [ app_init ] --START--
INFO: Run Behavior\BuildLiteBehavior [ RunTime:0.000000s ]
INFO: [ app_init ] --END-- [ RunTime:0.000000s ]
ERR: 无法加载模块:Public

[ 2016-06-19T15:37:11+08:00 ] ::1 /Public/viewer/examples/ad41d8cd98f00b204e9800998ecf8427etemp/panos/acfcd208495d565ef66e7dff9f98764da/mobile_l.jpg
INFO: [ app_init ] --START--
INFO: Run Behavior\BuildLiteBehavior [ RunTime:0.000000s ]
INFO: [ app_init ] --END-- [ RunTime:0.001000s ]
ERR: 无法加载模块:Public

[ 2016-06-19T15:37:28+08:00 ] ::1 /Public/viewer/examples/ad41d8cd98f00b204e9800998ecf8427etemp/panos/acfcd208495d565ef66e7dff9f98764da/mobile_f.jpg
INFO: [ app_init ] --START--
INFO: Run Behavior\BuildLiteBehavior [ RunTime:0.000000s ]
INFO: [ app_init ] --END-- [ RunTime:0.000000s ]
ERR: 无法加载模块:Public

[ 2016-06-19T15:37:28+08:00 ] ::1 /Public/viewer/examples/ad41d8cd98f00b204e9800998ecf8427etemp/panos/acfcd208495d565ef66e7dff9f98764da/mobile_l.jpg
INFO: [ app_init ] --START--
INFO: Run Behavior\BuildLiteBehavior [ RunTime:0.000000s ]
INFO: [ app_init ] --END-- [ RunTime:0.001000s ]
ERR: 无法加载模块:Public

[ 2016-06-19T15:37:28+08:00 ] ::1 /Public/viewer/examples/ad41d8cd98f00b204e9800998ecf8427etemp/panos/acfcd208495d565ef66e7dff9f98764da/mobile_u.jpg
INFO: [ app_init ] --START--
INFO: Run Behavior\BuildLiteBehavior [ RunTime:0.000000s ]
INFO: [ app_init ] --END-- [ RunTime:0.001000s ]
ERR: 无法加载模块:Public

[ 2016-06-19T15:37:28+08:00 ] ::1 /Public/viewer/examples/ad41d8cd98f00b204e9800998ecf8427etemp/panos/acfcd208495d565ef66e7dff9f98764da/mobile_f.jpg
INFO: [ app_init ] --START--
INFO: Run Behavior\BuildLiteBehavior [ RunTime:0.000000s ]
INFO: [ app_init ] --END-- [ RunTime:0.000000s ]
ERR: 无法加载模块:Public

[ 2016-06-19T15:37:28+08:00 ] ::1 /Public/viewer/examples/ad41d8cd98f00b204e9800998ecf8427etemp/panos/acfcd208495d565ef66e7dff9f98764da/mobile_l.jpg
INFO: [ app_init ] --START--
INFO: Run Behavior\BuildLiteBehavior [ RunTime:0.000000s ]
INFO: [ app_init ] --END-- [ RunTime:0.001000s ]
ERR: 无法加载模块:Public

[ 2016-06-19T15:37:28+08:00 ] ::1 /Public/viewer/examples/ad41d8cd98f00b204e9800998ecf8427etemp/panos/acfcd208495d565ef66e7dff9f98764da/mobile_f.jpg
INFO: [ app_init ] --START--
INFO: Run Behavior\BuildLiteBehavior [ RunTime:0.000000s ]
INFO: [ app_init ] --END-- [ RunTime:0.001000s ]
ERR: 无法加载模块:Public

[ 2016-06-19T15:37:30+08:00 ] ::1 /Public/viewer/examples/ad41d8cd98f00b204e9800998ecf8427etemp/panos/acfcd208495d565ef66e7dff9f98764da/mobile_l.jpg
INFO: [ app_init ] --START--
INFO: Run Behavior\BuildLiteBehavior [ RunTime:0.000000s ]
INFO: [ app_init ] --END-- [ RunTime:0.000000s ]
ERR: 无法加载模块:Public

[ 2016-06-19T15:37:30+08:00 ] ::1 /Public/viewer/examples/ad41d8cd98f00b204e9800998ecf8427etemp/panos/acfcd208495d565ef66e7dff9f98764da/mobile_u.jpg
INFO: [ app_init ] --START--
INFO: Run Behavior\BuildLiteBehavior [ RunTime:0.000000s ]
INFO: [ app_init ] --END-- [ RunTime:0.000000s ]
ERR: 无法加载模块:Public

[ 2016-06-19T15:37:30+08:00 ] ::1 /Public/viewer/examples/ad41d8cd98f00b204e9800998ecf8427etemp/panos/acfcd208495d565ef66e7dff9f98764da/mobile_d.jpg
INFO: [ app_init ] --START--
INFO: Run Behavior\BuildLiteBehavior [ RunTime:0.000000s ]
INFO: [ app_init ] --END-- [ RunTime:0.001000s ]
ERR: 无法加载模块:Public

[ 2016-06-19T15:37:30+08:00 ] ::1 /Public/viewer/examples/ad41d8cd98f00b204e9800998ecf8427etemp/panos/acfcd208495d565ef66e7dff9f98764da/mobile_r.jpg
INFO: [ app_init ] --START--
INFO: Run Behavior\BuildLiteBehavior [ RunTime:0.000000s ]
INFO: [ app_init ] --END-- [ RunTime:0.001000s ]
ERR: 无法加载模块:Public

[ 2016-06-19T15:37:30+08:00 ] ::1 /Public/viewer/examples/ad41d8cd98f00b204e9800998ecf8427etemp/panos/acfcd208495d565ef66e7dff9f98764da/mobile_b.jpg
INFO: [ app_init ] --START--
INFO: Run Behavior\BuildLiteBehavior [ RunTime:0.000000s ]
INFO: [ app_init ] --END-- [ RunTime:0.001000s ]
ERR: 无法加载模块:Public

[ 2016-06-19T15:37:30+08:00 ] ::1 /Public/viewer/examples/ad41d8cd98f00b204e9800998ecf8427etemp/panos/acfcd208495d565ef66e7dff9f98764da/mobile_u.jpg
INFO: [ app_init ] --START--
INFO: Run Behavior\BuildLiteBehavior [ RunTime:0.000000s ]
INFO: [ app_init ] --END-- [ RunTime:0.001000s ]
ERR: 无法加载模块:Public

[ 2016-06-19T15:37:30+08:00 ] ::1 /Public/viewer/examples/ad41d8cd98f00b204e9800998ecf8427etemp/panos/acfcd208495d565ef66e7dff9f98764da/mobile_r.jpg
INFO: [ app_init ] --START--
INFO: Run Behavior\BuildLiteBehavior [ RunTime:0.000000s ]
INFO: [ app_init ] --END-- [ RunTime:0.001000s ]
ERR: 无法加载模块:Public

[ 2016-06-19T15:37:30+08:00 ] ::1 /Public/viewer/examples/ad41d8cd98f00b204e9800998ecf8427etemp/panos/acfcd208495d565ef66e7dff9f98764da/mobile_d.jpg
INFO: [ app_init ] --START--
INFO: Run Behavior\BuildLiteBehavior [ RunTime:0.000000s ]
INFO: [ app_init ] --END-- [ RunTime:0.001000s ]
ERR: 无法加载模块:Public

[ 2016-06-19T15:37:30+08:00 ] ::1 /Public/viewer/examples/ad41d8cd98f00b204e9800998ecf8427etemp/panos/acfcd208495d565ef66e7dff9f98764da/mobile_r.jpg
INFO: [ app_init ] --START--
INFO: Run Behavior\BuildLiteBehavior [ RunTime:0.000000s ]
INFO: [ app_init ] --END-- [ RunTime:0.001000s ]
ERR: 无法加载模块:Public

[ 2016-06-19T15:37:30+08:00 ] ::1 /Public/viewer/examples/ad41d8cd98f00b204e9800998ecf8427etemp/panos/acfcd208495d565ef66e7dff9f98764da/mobile_d.jpg
INFO: [ app_init ] --START--
INFO: Run Behavior\BuildLiteBehavior [ RunTime:0.000000s ]
INFO: [ app_init ] --END-- [ RunTime:0.000000s ]
ERR: 无法加载模块:Public

[ 2016-06-19T15:37:30+08:00 ] ::1 /Public/viewer/examples/ad41d8cd98f00b204e9800998ecf8427etemp/panos/acfcd208495d565ef66e7dff9f98764da/mobile_b.jpg
INFO: [ app_init ] --START--
INFO: Run Behavior\BuildLiteBehavior [ RunTime:0.000000s ]
INFO: [ app_init ] --END-- [ RunTime:0.001000s ]
ERR: 无法加载模块:Public

[ 2016-06-19T15:37:30+08:00 ] ::1 /Public/viewer/examples/ad41d8cd98f00b204e9800998ecf8427etemp/panos/acfcd208495d565ef66e7dff9f98764da/mobile_b.jpg
INFO: [ app_init ] --START--
INFO: Run Behavior\BuildLiteBehavior [ RunTime:0.000000s ]
INFO: [ app_init ] --END-- [ RunTime:0.000000s ]
ERR: 无法加载模块:Public

[ 2016-06-19T15:38:34+08:00 ] ::1 /Public/viewer/examples/ad41d8cd98f00b204e9800998ecf8427etemp/panos/acfcd208495d565ef66e7dff9f98764da/mobile_f.jpg
INFO: [ app_init ] --START--
INFO: Run Behavior\BuildLiteBehavior [ RunTime:0.000000s ]
INFO: [ app_init ] --END-- [ RunTime:0.001000s ]
ERR: 无法加载模块:Public

[ 2016-06-19T15:38:34+08:00 ] ::1 /Public/viewer/examples/ad41d8cd98f00b204e9800998ecf8427etemp/panos/acfcd208495d565ef66e7dff9f98764da/mobile_l.jpg
INFO: [ app_init ] --START--
INFO: Run Behavior\BuildLiteBehavior [ RunTime:0.000000s ]
INFO: [ app_init ] --END-- [ RunTime:0.000000s ]
ERR: 无法加载模块:Public

[ 2016-06-19T15:38:34+08:00 ] ::1 /Public/viewer/examples/ad41d8cd98f00b204e9800998ecf8427etemp/panos/acfcd208495d565ef66e7dff9f98764da/mobile_u.jpg
INFO: [ app_init ] --START--
INFO: Run Behavior\BuildLiteBehavior [ RunTime:0.000000s ]
INFO: [ app_init ] --END-- [ RunTime:0.001000s ]
ERR: 无法加载模块:Public

[ 2016-06-19T15:38:34+08:00 ] ::1 /Public/viewer/examples/ad41d8cd98f00b204e9800998ecf8427etemp/panos/acfcd208495d565ef66e7dff9f98764da/mobile_f.jpg
INFO: [ app_init ] --START--
INFO: Run Behavior\BuildLiteBehavior [ RunTime:0.000000s ]
INFO: [ app_init ] --END-- [ RunTime:0.001000s ]
ERR: 无法加载模块:Public

[ 2016-06-19T15:38:34+08:00 ] ::1 /Public/viewer/examples/ad41d8cd98f00b204e9800998ecf8427etemp/panos/acfcd208495d565ef66e7dff9f98764da/mobile_f.jpg
INFO: [ app_init ] --START--
INFO: Run Behavior\BuildLiteBehavior [ RunTime:0.000000s ]
INFO: [ app_init ] --END-- [ RunTime:0.001000s ]
ERR: 无法加载模块:Public

[ 2016-06-19T15:38:36+08:00 ] ::1 /Public/viewer/examples/ad41d8cd98f00b204e9800998ecf8427etemp/panos/acfcd208495d565ef66e7dff9f98764da/mobile_l.jpg
INFO: [ app_init ] --START--
INFO: Run Behavior\BuildLiteBehavior [ RunTime:0.000000s ]
INFO: [ app_init ] --END-- [ RunTime:0.001000s ]
ERR: 无法加载模块:Public

[ 2016-06-19T15:38:36+08:00 ] ::1 /Public/viewer/examples/ad41d8cd98f00b204e9800998ecf8427etemp/panos/acfcd208495d565ef66e7dff9f98764da/mobile_l.jpg
INFO: [ app_init ] --START--
INFO: Run Behavior\BuildLiteBehavior [ RunTime:0.000000s ]
INFO: [ app_init ] --END-- [ RunTime:0.001000s ]
ERR: 无法加载模块:Public

[ 2016-06-19T15:38:36+08:00 ] ::1 /Public/viewer/examples/ad41d8cd98f00b204e9800998ecf8427etemp/panos/acfcd208495d565ef66e7dff9f98764da/mobile_u.jpg
INFO: [ app_init ] --START--
INFO: Run Behavior\BuildLiteBehavior [ RunTime:0.000000s ]
INFO: [ app_init ] --END-- [ RunTime:0.001000s ]
ERR: 无法加载模块:Public

[ 2016-06-19T15:38:36+08:00 ] ::1 /Public/viewer/examples/ad41d8cd98f00b204e9800998ecf8427etemp/panos/acfcd208495d565ef66e7dff9f98764da/mobile_r.jpg
INFO: [ app_init ] --START--
INFO: Run Behavior\BuildLiteBehavior [ RunTime:0.000000s ]
INFO: [ app_init ] --END-- [ RunTime:0.001000s ]
ERR: 无法加载模块:Public

[ 2016-06-19T15:38:36+08:00 ] ::1 /Public/viewer/examples/ad41d8cd98f00b204e9800998ecf8427etemp/panos/acfcd208495d565ef66e7dff9f98764da/mobile_d.jpg
INFO: [ app_init ] --START--
INFO: Run Behavior\BuildLiteBehavior [ RunTime:0.000000s ]
INFO: [ app_init ] --END-- [ RunTime:0.001000s ]
ERR: 无法加载模块:Public

[ 2016-06-19T15:38:36+08:00 ] ::1 /Public/viewer/examples/ad41d8cd98f00b204e9800998ecf8427etemp/panos/acfcd208495d565ef66e7dff9f98764da/mobile_b.jpg
INFO: [ app_init ] --START--
INFO: Run Behavior\BuildLiteBehavior [ RunTime:0.000000s ]
INFO: [ app_init ] --END-- [ RunTime:0.001000s ]
ERR: 无法加载模块:Public

[ 2016-06-19T15:38:36+08:00 ] ::1 /Public/viewer/examples/ad41d8cd98f00b204e9800998ecf8427etemp/panos/acfcd208495d565ef66e7dff9f98764da/mobile_u.jpg
INFO: [ app_init ] --START--
INFO: Run Behavior\BuildLiteBehavior [ RunTime:0.000000s ]
INFO: [ app_init ] --END-- [ RunTime:0.001000s ]
ERR: 无法加载模块:Public

[ 2016-06-19T15:38:36+08:00 ] ::1 /Public/viewer/examples/ad41d8cd98f00b204e9800998ecf8427etemp/panos/acfcd208495d565ef66e7dff9f98764da/mobile_r.jpg
INFO: [ app_init ] --START--
INFO: Run Behavior\BuildLiteBehavior [ RunTime:0.000000s ]
INFO: [ app_init ] --END-- [ RunTime:0.000000s ]
ERR: 无法加载模块:Public

[ 2016-06-19T15:38:36+08:00 ] ::1 /Public/viewer/examples/ad41d8cd98f00b204e9800998ecf8427etemp/panos/acfcd208495d565ef66e7dff9f98764da/mobile_d.jpg
INFO: [ app_init ] --START--
INFO: Run Behavior\BuildLiteBehavior [ RunTime:0.000000s ]
INFO: [ app_init ] --END-- [ RunTime:0.001000s ]
ERR: 无法加载模块:Public

[ 2016-06-19T15:38:36+08:00 ] ::1 /Public/viewer/examples/ad41d8cd98f00b204e9800998ecf8427etemp/panos/acfcd208495d565ef66e7dff9f98764da/mobile_b.jpg
INFO: [ app_init ] --START--
INFO: Run Behavior\BuildLiteBehavior [ RunTime:0.000000s ]
INFO: [ app_init ] --END-- [ RunTime:0.001000s ]
ERR: 无法加载模块:Public

[ 2016-06-19T15:38:36+08:00 ] ::1 /Public/viewer/examples/ad41d8cd98f00b204e9800998ecf8427etemp/panos/acfcd208495d565ef66e7dff9f98764da/mobile_r.jpg
INFO: [ app_init ] --START--
INFO: Run Behavior\BuildLiteBehavior [ RunTime:0.000000s ]
INFO: [ app_init ] --END-- [ RunTime:0.001000s ]
ERR: 无法加载模块:Public

[ 2016-06-19T15:38:37+08:00 ] ::1 /Public/viewer/examples/ad41d8cd98f00b204e9800998ecf8427etemp/panos/acfcd208495d565ef66e7dff9f98764da/mobile_d.jpg
INFO: [ app_init ] --START--
INFO: Run Behavior\BuildLiteBehavior [ RunTime:0.000000s ]
INFO: [ app_init ] --END-- [ RunTime:0.000000s ]
ERR: 无法加载模块:Public

[ 2016-06-19T15:38:37+08:00 ] ::1 /Public/viewer/examples/ad41d8cd98f00b204e9800998ecf8427etemp/panos/acfcd208495d565ef66e7dff9f98764da/mobile_b.jpg
INFO: [ app_init ] --START--
INFO: Run Behavior\BuildLiteBehavior [ RunTime:0.000000s ]
INFO: [ app_init ] --END-- [ RunTime:0.000000s ]
ERR: 无法加载模块:Public

[ 2016-06-19T17:32:41+08:00 ] ::1 /Public/Common/css/perfect-scrollbar.min.csss
INFO: [ app_init ] --START--
INFO: Run Behavior\BuildLiteBehavior [ RunTime:0.000000s ]
INFO: [ app_init ] --END-- [ RunTime:0.001000s ]
ERR: 无法加载模块:Public

[ 2016-06-19T17:32:49+08:00 ] ::1 /Public/Common/css/perfect-scrollbar.min.csss
INFO: [ app_init ] --START--
INFO: Run Behavior\BuildLiteBehavior [ RunTime:0.000000s ]
INFO: [ app_init ] --END-- [ RunTime:0.001000s ]
ERR: 无法加载模块:Public

[ 2016-06-19T17:50:23+08:00 ] ::1 /Public/Common/css/perfect-scrollbar.min.csss
INFO: [ app_init ] --START--
INFO: Run Behavior\BuildLiteBehavior [ RunTime:0.000000s ]
INFO: [ app_init ] --END-- [ RunTime:0.001000s ]
ERR: 无法加载模块:Public

[ 2016-06-19T17:50:32+08:00 ] ::1 /Public/Common/css/perfect-scrollbar.min.csss
INFO: [ app_init ] --START--
INFO: Run Behavior\BuildLiteBehavior [ RunTime:0.000000s ]
INFO: [ app_init ] --END-- [ RunTime:0.001000s ]
ERR: 无法加载模块:Public

[ 2016-06-19T18:15:41+08:00 ] ::1 /favicon.ico
INFO: [ app_init ] --START--
INFO: Run Behavior\BuildLiteBehavior [ RunTime:0.000000s ]
INFO: [ app_init ] --END-- [ RunTime:0.001000s ]
ERR: 无法加载模块:Favicon

[ 2016-06-19T18:15:48+08:00 ] ::1 /Public/Common/jquery-ui/images/ui-bg_flat_75_ffffff_40x100.png
INFO: [ app_init ] --START--
INFO: Run Behavior\BuildLiteBehavior [ RunTime:0.000000s ]
INFO: [ app_init ] --END-- [ RunTime:0.001000s ]
ERR: 无法加载模块:Public

[ 2016-06-19T21:07:09+08:00 ] ::1 /favicon.ico
INFO: [ app_init ] --START--
INFO: Run Behavior\BuildLiteBehavior [ RunTime:0.000007s ]
INFO: [ app_init ] --END-- [ RunTime:0.000247s ]
ERR: 无法加载模块:Favicon

[ 2016-06-19T21:07:19+08:00 ] ::1 /Public/Common/jquery-ui/images/ui-bg_flat_75_ffffff_40x100.png
INFO: [ app_init ] --START--
INFO: Run Behavior\BuildLiteBehavior [ RunTime:0.000007s ]
INFO: [ app_init ] --END-- [ RunTime:0.000241s ]
ERR: 无法加载模块:Public

[ 2016-06-19T21:10:43+08:00 ] ::1 /Public/Common/css/perfect-scrollbar.min.csss
INFO: [ app_init ] --START--
INFO: Run Behavior\BuildLiteBehavior [ RunTime:0.000008s ]
INFO: [ app_init ] --END-- [ RunTime:0.000179s ]
ERR: 无法加载模块:Public

[ 2016-06-19T21:10:46+08:00 ] ::1 /Public/Common/css/perfect-scrollbar.min.csss
INFO: [ app_init ] --START--
INFO: Run Behavior\BuildLiteBehavior [ RunTime:0.000008s ]
INFO: [ app_init ] --END-- [ RunTime:0.000185s ]
ERR: 无法加载模块:Public

[ 2016-06-19T21:11:33+08:00 ] ::1 /Public/viewer/examples/ac4ca4238a0b923820dcc509a6f75849b/panos/ac4ca4238a0b923820dcc509a6f75849b/thumb.jpg
INFO: [ app_init ] --START--
INFO: Run Behavior\BuildLiteBehavior [ RunTime:0.000008s ]
INFO: [ app_init ] --END-- [ RunTime:0.000195s ]
ERR: 无法加载模块:Public

[ 2016-06-19T21:12:15+08:00 ] ::1 /Public/viewer/examples/ac4ca4238a0b923820dcc509a6f75849b/panos/ac4ca4238a0b923820dcc509a6f75849b/thumb.jpg
INFO: [ app_init ] --START--
INFO: Run Behavior\BuildLiteBehavior [ RunTime:0.000009s ]
INFO: [ app_init ] --END-- [ RunTime:0.000181s ]
ERR: 无法加载模块:Public

[ 2016-06-19T21:12:40+08:00 ] ::1 /Public/viewer/examples/ac4ca4238a0b923820dcc509a6f75849b/panos/ac4ca4238a0b923820dcc509a6f75849b/thumb.jpg
INFO: [ app_init ] --START--
INFO: Run Behavior\BuildLiteBehavior [ RunTime:0.000008s ]
INFO: [ app_init ] --END-- [ RunTime:0.000199s ]
ERR: 无法加载模块:Public

[ 2016-06-19T21:16:28+08:00 ] ::1 /12
INFO: [ app_init ] --START--
INFO: Run Behavior\BuildLiteBehavior [ RunTime:0.000021s ]
INFO: [ app_init ] --END-- [ RunTime:0.000606s ]
ERR: 无法加载模块:12

[ 2016-06-19T22:39:59+08:00 ] ::1 /Public/Common/css/perfect-scrollbar.min.csss
INFO: [ app_init ] --START--
INFO: Run Behavior\BuildLiteBehavior [ RunTime:0.000008s ]
INFO: [ app_init ] --END-- [ RunTime:0.000191s ]
ERR: 无法加载模块:Public

[ 2016-06-19T22:40:03+08:00 ] ::1 /Public/Common/css/perfect-scrollbar.min.csss
INFO: [ app_init ] --START--
INFO: Run Behavior\BuildLiteBehavior [ RunTime:0.000008s ]
INFO: [ app_init ] --END-- [ RunTime:0.000190s ]
ERR: 无法加载模块:Public

[ 2016-06-19T22:40:10+08:00 ] ::1 /Public/Common/css/perfect-scrollbar.min.csss
INFO: [ app_init ] --START--
INFO: Run Behavior\BuildLiteBehavior [ RunTime:0.000006s ]
INFO: [ app_init ] --END-- [ RunTime:0.000188s ]
ERR: 无法加载模块:Public

[ 2016-06-19T22:40:15+08:00 ] ::1 /Public/Common/css/perfect-scrollbar.min.csss
INFO: [ app_init ] --START--
INFO: Run Behavior\BuildLiteBehavior [ RunTime:0.000007s ]
INFO: [ app_init ] --END-- [ RunTime:0.000201s ]
ERR: 无法加载模块:Public

[ 2016-06-19T22:40:17+08:00 ] ::1 /Public/Common/css/perfect-scrollbar.min.csss
INFO: [ app_init ] --START--
INFO: Run Behavior\BuildLiteBehavior [ RunTime:0.000007s ]
INFO: [ app_init ] --END-- [ RunTime:0.000204s ]
ERR: 无法加载模块:Public

[ 2016-06-19T22:40:21+08:00 ] ::1 /Public/Common/css/perfect-scrollbar.min.csss
INFO: [ app_init ] --START--
INFO: Run Behavior\BuildLiteBehavior [ RunTime:0.000009s ]
INFO: [ app_init ] --END-- [ RunTime:0.000209s ]
ERR: 无法加载模块:Public

[ 2016-06-19T23:21:57+08:00 ] ::1 /Public/Common/jquery-ui/images/ui-bg_flat_75_ffffff_40x100.png
INFO: [ app_init ] --START--
INFO: Run Behavior\BuildLiteBehavior [ RunTime:0.000006s ]
INFO: [ app_init ] --END-- [ RunTime:0.000185s ]
ERR: 无法加载模块:Public

[ 2016-06-19T23:37:03+08:00 ] ::1 /pro/panos/1_(6).tiles/b/l1/2/l1_b_2_1.jpg
INFO: [ app_init ] --START--
INFO: Run Behavior\BuildLiteBehavior [ RunTime:0.000018s ]
INFO: [ app_init ] --END-- [ RunTime:0.000338s ]
ERR: 无法加载模块:Pro

[ 2016-06-19T23:37:03+08:00 ] ::1 /pro/panos/1_(6).tiles/b/l1/2/l1_b_2_2.jpg
INFO: [ app_init ] --START--
INFO: Run Behavior\BuildLiteBehavior [ RunTime:0.000011s ]
INFO: [ app_init ] --END-- [ RunTime:0.000313s ]
ERR: 无法加载模块:Pro

[ 2016-06-19T23:38:31+08:00 ] ::1 /Public/Common/jquery-ui/images/ui-bg_flat_75_ffffff_40x100.png
INFO: [ app_init ] --START--
INFO: Run Behavior\BuildLiteBehavior [ RunTime:0.000007s ]
INFO: [ app_init ] --END-- [ RunTime:0.000191s ]
ERR: 无法加载模块:Public

